#
# A fatal error has been detected by the Java Runtime Environment:
#
#  EXCEPTION_ACCESS_VIOLATION (0xc0000005) at pc=0x0000000077872b04, pid=324, tid=6920
#
# JRE version: Java(TM) SE Runtime Environment (10.0.2+13) (build 10.0.2+13)
# Java VM: Java HotSpot(TM) 64-Bit Server VM (10.0.2+13, mixed mode, tiered, compressed oops, g1 gc, windows-amd64)
# Problematic frame:
# C  [ntdll.dll+0x32b04]
#
# No core dump will be written. Minidumps are not enabled by default on client versions of Windows
#
# If you would like to submit a bug report, please visit:
#   http://bugreport.java.com/bugreport/crash.jsp
# The crash happened outside the Java Virtual Machine in native code.
# See problematic frame for where to report the bug.
#

---------------  S U M M A R Y ------------

Command Line: -Dfile.encoding=MS949 kr.or.hyun.Game

Host: Intel(R) Core(TM) i7-4790 CPU @ 3.60GHz, 8 cores, 15G,  Windows 7 , 64 bit Build 7601 (6.1.7601.24260)
Time: Tue Nov 13 21:10:40 2018 ¢¥eCN©öI¡¾©ö C¡ÍA¨ª¨öA elapsed time: 12 seconds (0d 0h 0m 12s)

---------------  T H R E A D  ---------------

Current thread (0x000000002ce5b000):  JavaThread "Thread-0" [_thread_in_native, id=6920, stack(0x000000002d880000,0x000000002d980000)]

Stack: [0x000000002d880000,0x000000002d980000],  sp=0x000000002d97ebf0,  free space=1018k
Native frames: (J=compiled Java code, j=interpreted, Vv=VM code, C=native code)
C  [ntdll.dll+0x32b04]
C  [ntdll.dll+0x2d261]
C  0x000007fefa2e6f2f

Java frames: (J=compiled Java code, j=interpreted, Vv=VM code)
j  sun.java2d.d3d.D3DSurfaceData.initOps(III)V+0 java.desktop@10.0.2
j  sun.java2d.d3d.D3DSurfaceData.<init>(Lsun/awt/windows/WComponentPeer;Lsun/java2d/d3d/D3DGraphicsConfig;IILjava/awt/Image;Ljava/awt/image/ColorModel;IILsun/java2d/pipe/hw/ExtendedBufferCapabilities$VSyncType;I)V+212 java.desktop@10.0.2
j  sun.java2d.d3d.D3DSurfaceData.createData(Lsun/java2d/d3d/D3DGraphicsConfig;IILjava/awt/image/ColorModel;Ljava/awt/Image;I)Lsun/java2d/d3d/D3DSurfaceData;+70 java.desktop@10.0.2
j  sun.java2d.d3d.D3DGraphicsConfig.createManagedSurface(III)Lsun/java2d/SurfaceData;+10 java.desktop@10.0.2
j  sun.java2d.d3d.D3DSurfaceDataProxy.validateSurfaceData(Lsun/java2d/SurfaceData;Lsun/java2d/SurfaceData;II)Lsun/java2d/SurfaceData;+22 java.desktop@10.0.2
j  sun.java2d.SurfaceDataProxy.replaceData(Lsun/java2d/SurfaceData;ILsun/java2d/loops/CompositeType;Ljava/awt/Color;)Lsun/java2d/SurfaceData;+191 java.desktop@10.0.2
J 1247 c1 sun.java2d.SurfaceData.getSourceSurfaceData(Ljava/awt/Image;ILsun/java2d/loops/CompositeType;Ljava/awt/Color;)Lsun/java2d/SurfaceData; java.desktop@10.0.2 (110 bytes) @ 0x000000000a641344 [0x000000000a6409e0+0x0000000000000964]
j  sun.java2d.pipe.DrawImage.renderImageCopy(Lsun/java2d/SunGraphics2D;Ljava/awt/Image;Ljava/awt/Color;IIIIII)Z+24 java.desktop@10.0.2
j  sun.java2d.pipe.DrawImage.copyImage(Lsun/java2d/SunGraphics2D;Ljava/awt/Image;IILjava/awt/Color;)Z+45 java.desktop@10.0.2
j  sun.java2d.pipe.DrawImage.copyImage(Lsun/java2d/SunGraphics2D;Ljava/awt/Image;IILjava/awt/Color;Ljava/awt/image/ImageObserver;)Z+15 java.desktop@10.0.2
j  sun.java2d.pipe.ValidatePipe.copyImage(Lsun/java2d/SunGraphics2D;Ljava/awt/Image;IILjava/awt/Color;Ljava/awt/image/ImageObserver;)Z+21 java.desktop@10.0.2
j  sun.java2d.SunGraphics2D.drawImage(Ljava/awt/Image;IILjava/awt/Color;Ljava/awt/image/ImageObserver;)Z+71 java.desktop@10.0.2
j  sun.java2d.SunGraphics2D.drawImage(Ljava/awt/Image;IILjava/awt/image/ImageObserver;)Z+7 java.desktop@10.0.2
j  kr.or.hyun.GamePanel.gameDraw()V+13
j  kr.or.hyun.GamePanel.run()V+125
j  java.lang.Thread.run()V+11 java.base@10.0.2
v  ~StubRoutines::call_stub

siginfo: EXCEPTION_ACCESS_VIOLATION (0xc0000005), writing address 0x0000000000000024


Register to memory mapping:

RIP=0x0000000077872b04 ntdll.dll
RAX=0x0000000000000000 is an unknown value
RBX=0x000000002a111308 is an unknown value
RCX=0x00000000fffffffc is an unknown value
RDX=0x0000000000000570 is an unknown value
RSP=0x000000002d97ebf0 is pointing into the stack for thread: 0x000000002ce5b000
RBP=0x0000000000000000 is an unknown value
RSI=0x0000000000000570 is an unknown value
RDI=0x0000000000000000 is an unknown value
R8 =0x000000002d97eba8 is pointing into the stack for thread: 0x000000002ce5b000
R9 =0x0000000000000004 is an unknown value
R10=0x0000000000000000 is an unknown value
R11=0x0000000000000246 is an unknown value
R12=0x0000000000000000 is an unknown value
R13=0x0000000000000000 is an unknown value
R14=0x000007ffffea8000 is an unknown value
R15=0x0000000000000000 is an unknown value


Registers:
RAX=0x0000000000000000, RBX=0x000000002a111308, RCX=0x00000000fffffffc, RDX=0x0000000000000570
RSP=0x000000002d97ebf0, RBP=0x0000000000000000, RSI=0x0000000000000570, RDI=0x0000000000000000
R8 =0x000000002d97eba8, R9 =0x0000000000000004, R10=0x0000000000000000, R11=0x0000000000000246
R12=0x0000000000000000, R13=0x0000000000000000, R14=0x000007ffffea8000, R15=0x0000000000000000
RIP=0x0000000077872b04, EFLAGS=0x0000000000010213

Top of Stack: (sp=0x000000002d97ebf0)
0x000000002d97ebf0:   00000000285309a8 0000000000000570
0x000000002d97ec00:   000000002ce5b000 000000006d7d1586
0x000000002d97ec10:   000000000000000e 000000006d9e5c2d
0x000000002d97ec20:   000000002ce5b000 0000000000000000
0x000000002d97ec30:   00000006d0a3d010 000000006d9e5957
0x000000002d97ec40:   0000000000396600 000000006d9e6075
0x000000002d97ec50:   000000002ce5b000 000000000000000e
0x000000002d97ec60:   0000000000010001 000007fee7067fe4
0x000000002d97ec70:   000000002ce5b000 000000002d97ee20
0x000000002d97ec80:   0000000000000004 0000000000000001
0x000000002d97ec90:   00000000ff000000 000000007786d261
0x000000002d97eca0:   0000000000000000 0000000000000000
0x000000002d97ecb0:   000000002d648328 000000002a111308
0x000000002d97ecc0:   000000002a111308 000007fefa2e6f2f
0x000000002d97ecd0:   0000000000010001 0000000000000000
0x000000002d97ece0:   000000002a111300 0000000000000000 

Instructions: (pc=0x0000000077872b04)
0x0000000077872ae4:   0f b1 4b 08 0f 85 94 00 00 00 48 8b 03 4c 89 ac
0x0000000077872af4:   24 c0 00 00 00 33 ed 45 33 ed 48 83 f8 ff 74 03
0x0000000077872b04:   ff 40 24 ba 22 17 00 00 48 8d 3d c5 55 0f 00 80
0x0000000077872b14:   3c 25 82 03 fe 7f 00 0f 85 44 ea 04 00 48 83 fe 



---------------  P R O C E S S  ---------------

Threads class SMR info:
_java_thread_list=0x000000002844d730, length=16, elements={
0x0000000026b1d000, 0x0000000026b1e000, 0x000000002830f000, 0x0000000028312000,
0x0000000028313000, 0x0000000028317000, 0x000000002831f800, 0x000000002833e800,
0x000000002836f800, 0x00000000284d5000, 0x000000002851d000, 0x000000002851b000,
0x000000002968a000, 0x000000002ce81800, 0x000000002ce5b000, 0x000000002c88f800
}

Java Threads: ( => current thread )
  0x0000000026b1d000 JavaThread "Reference Handler" daemon [_thread_blocked, id=8628, stack(0x0000000027100000,0x0000000027200000)]
  0x0000000026b1e000 JavaThread "Finalizer" daemon [_thread_blocked, id=4368, stack(0x0000000027890000,0x0000000027990000)]
  0x000000002830f000 JavaThread "Signal Dispatcher" daemon [_thread_blocked, id=8816, stack(0x0000000028900000,0x0000000028a00000)]
  0x0000000028312000 JavaThread "Attach Listener" daemon [_thread_blocked, id=6324, stack(0x0000000028a40000,0x0000000028b40000)]
  0x0000000028313000 JavaThread "C2 CompilerThread0" daemon [_thread_blocked, id=8928, stack(0x0000000028d20000,0x0000000028e20000)]
  0x0000000028317000 JavaThread "C2 CompilerThread1" daemon [_thread_blocked, id=8372, stack(0x0000000028e80000,0x0000000028f80000)]
  0x000000002831f800 JavaThread "C2 CompilerThread2" daemon [_thread_blocked, id=9060, stack(0x0000000028b40000,0x0000000028c40000)]
  0x000000002833e800 JavaThread "C1 CompilerThread3" daemon [_thread_blocked, id=7856, stack(0x0000000028800000,0x0000000028900000)]
  0x000000002836f800 JavaThread "Sweeper thread" daemon [_thread_blocked, id=6956, stack(0x0000000029140000,0x0000000029240000)]
  0x00000000284d5000 JavaThread "Service Thread" daemon [_thread_blocked, id=7416, stack(0x0000000028fd0000,0x00000000290d0000)]
  0x000000002851d000 JavaThread "Common-Cleaner" daemon [_thread_blocked, id=7892, stack(0x0000000029430000,0x0000000029530000)]
  0x000000002851b000 JavaThread "Java2D Disposer" daemon [_thread_blocked, id=8216, stack(0x0000000029f20000,0x000000002a020000)]
  0x000000002968a000 JavaThread "AWT-Shutdown" [_thread_blocked, id=9156, stack(0x0000000029db0000,0x0000000029eb0000)]
  0x000000002ce81800 JavaThread "AWT-EventQueue-0" [_thread_blocked, id=4188, stack(0x000000002d750000,0x000000002d850000)]
=>0x000000002ce5b000 JavaThread "Thread-0" [_thread_in_native, id=6920, stack(0x000000002d880000,0x000000002d980000)]
  0x000000002c88f800 JavaThread "DestroyJavaVM" [_thread_blocked, id=5972, stack(0x0000000002520000,0x0000000002620000)]

Other Threads:
  0x0000000026b15000 VMThread "VM Thread" [stack: 0x0000000028700000,0x0000000028800000] [id=8384]
  0x0000000028523800 WatcherThread [stack: 0x0000000029310000,0x0000000029410000] [id=8124]
  0x00000000003b8000 GCTaskThread "GC Thread#0" [stack: 0x0000000019130000,0x0000000019230000] [id=7160]
  0x00000000003b9000 GCTaskThread "GC Thread#1" [stack: 0x0000000018f90000,0x0000000019090000] [id=8908]
  0x00000000003bb800 GCTaskThread "GC Thread#2" [stack: 0x0000000019350000,0x0000000019450000] [id=368]
  0x00000000003c6800 GCTaskThread "GC Thread#3" [stack: 0x00000000195f0000,0x00000000196f0000] [id=9104]
  0x00000000003c7800 GCTaskThread "GC Thread#4" [stack: 0x00000000197e0000,0x00000000198e0000] [id=6648]
  0x00000000003c8800 GCTaskThread "GC Thread#5" [stack: 0x00000000199f0000,0x0000000019af0000] [id=9128]
  0x00000000003cc000 GCTaskThread "GC Thread#6" [stack: 0x0000000019b70000,0x0000000019c70000] [id=4192]
  0x00000000003ce800 GCTaskThread "GC Thread#7" [stack: 0x0000000019240000,0x0000000019340000] [id=7460]
  0x0000000023ab0800 ConcurrentGCThread "G1 Main Marker" [stack: 0x0000000023cd0000,0x0000000023dd0000] [id=8932]
  0x0000000023ab3800 ConcurrentGCThread "G1 Conc#0" [stack: 0x0000000023fa0000,0x00000000240a0000] [id=4468]
  0x0000000023ab4800 ConcurrentGCThread "G1 Conc#1" [stack: 0x00000000240b0000,0x00000000241b0000] [id=5188]
  0x00000000269bc800 ConcurrentGCThread "G1 Refine#0" [stack: 0x0000000026cd0000,0x0000000026dd0000] [id=6220]
  0x00000000269bf000 ConcurrentGCThread "G1 Refine#1" [stack: 0x0000000026ec0000,0x0000000026fc0000] [id=3020]
  0x00000000269c0800 ConcurrentGCThread "G1 Refine#2" [stack: 0x0000000026b70000,0x0000000026c70000] [id=5928]
  0x00000000269c1800 ConcurrentGCThread "G1 Refine#3" [stack: 0x0000000027000000,0x0000000027100000] [id=7100]
  0x00000000269c3800 ConcurrentGCThread "G1 Refine#4" [stack: 0x0000000027260000,0x0000000027360000] [id=7860]
  0x00000000269c4000 ConcurrentGCThread "G1 Refine#5" [stack: 0x0000000027400000,0x0000000027500000] [id=8312]
  0x00000000269c9800 ConcurrentGCThread "G1 Refine#6" [stack: 0x00000000275f0000,0x00000000276f0000] [id=7660]
  0x00000000269d4000 ConcurrentGCThread "G1 Refine#7" [stack: 0x0000000027730000,0x0000000027830000] [id=7728]
  0x00000000269d5000 ConcurrentGCThread "G1 Young RemSet Sampling" [stack: 0x00000000279b0000,0x0000000027ab0000] [id=6988]

Threads with active compile tasks:

VM state:not at safepoint (normal execution)

VM Mutex/Monitor currently owned by a thread: None

Heap address: 0x00000006c1800000, size: 4072 MB, Compressed Oops mode: Zero based, Oop shift amount: 3
Narrow klass base: 0x0000000000000000, Narrow klass shift: 3
Compressed class space size: 1073741824 Address: 0x00000007c0000000

Heap:
 garbage-first heap   total 262144K, used 14336K [0x00000006c1800000, 0x00000007c0000000)
  region size 1024K, 14 young (14336K), 0 survivors (0K)
 Metaspace       used 12541K, capacity 12930K, committed 13184K, reserved 1060864K
  class space    used 1373K, capacity 1559K, committed 1664K, reserved 1048576K
Heap Regions: E=young(eden), S=young(survivor), O=old, HS=humongous(starts), HC=humongous(continues), CS=collection set, F=free, A=archive, TS=gc time stamp, AC=allocation context, TAMS=top-at-mark-start (previous, next)
|   0|0x00000006c1800000, 0x00000006c1900000, 0x00000006c1900000|100%|HS|  |TS  0|AC  0|TAMS 0x00000006c1800000, 0x00000006c1800000|
|   1|0x00000006c1900000, 0x00000006c1900000, 0x00000006c1a00000|  0%| F|  |TS  0|AC  0|TAMS 0x00000006c1900000, 0x00000006c1900000|
|   2|0x00000006c1a00000, 0x00000006c1a00000, 0x00000006c1b00000|  0%| F|  |TS  0|AC  0|TAMS 0x00000006c1a00000, 0x00000006c1a00000|
|   3|0x00000006c1b00000, 0x00000006c1b00000, 0x00000006c1c00000|  0%| F|  |TS  0|AC  0|TAMS 0x00000006c1b00000, 0x00000006c1b00000|
|   4|0x00000006c1c00000, 0x00000006c1c00000, 0x00000006c1d00000|  0%| F|  |TS  0|AC  0|TAMS 0x00000006c1c00000, 0x00000006c1c00000|
|   5|0x00000006c1d00000, 0x00000006c1d00000, 0x00000006c1e00000|  0%| F|  |TS  0|AC  0|TAMS 0x00000006c1d00000, 0x00000006c1d00000|
|   6|0x00000006c1e00000, 0x00000006c1e00000, 0x00000006c1f00000|  0%| F|  |TS  0|AC  0|TAMS 0x00000006c1e00000, 0x00000006c1e00000|
|   7|0x00000006c1f00000, 0x00000006c1f00000, 0x00000006c2000000|  0%| F|  |TS  0|AC  0|TAMS 0x00000006c1f00000, 0x00000006c1f00000|
|   8|0x00000006c2000000, 0x00000006c2000000, 0x00000006c2100000|  0%| F|  |TS  0|AC  0|TAMS 0x00000006c2000000, 0x00000006c2000000|
|   9|0x00000006c2100000, 0x00000006c2100000, 0x00000006c2200000|  0%| F|  |TS  0|AC  0|TAMS 0x00000006c2100000, 0x00000006c2100000|
|  10|0x00000006c2200000, 0x00000006c2200000, 0x00000006c2300000|  0%| F|  |TS  0|AC  0|TAMS 0x00000006c2200000, 0x00000006c2200000|
|  11|0x00000006c2300000, 0x00000006c2300000, 0x00000006c2400000|  0%| F|  |TS  0|AC  0|TAMS 0x00000006c2300000, 0x00000006c2300000|
|  12|0x00000006c2400000, 0x00000006c2400000, 0x00000006c2500000|  0%| F|  |TS  0|AC  0|TAMS 0x00000006c2400000, 0x00000006c2400000|
|  13|0x00000006c2500000, 0x00000006c2500000, 0x00000006c2600000|  0%| F|  |TS  0|AC  0|TAMS 0x00000006c2500000, 0x00000006c2500000|
|  14|0x00000006c2600000, 0x00000006c2600000, 0x00000006c2700000|  0%| F|  |TS  0|AC  0|TAMS 0x00000006c2600000, 0x00000006c2600000|
|  15|0x00000006c2700000, 0x00000006c2700000, 0x00000006c2800000|  0%| F|  |TS  0|AC  0|TAMS 0x00000006c2700000, 0x00000006c2700000|
|  16|0x00000006c2800000, 0x00000006c2800000, 0x00000006c2900000|  0%| F|  |TS  0|AC  0|TAMS 0x00000006c2800000, 0x00000006c2800000|
|  17|0x00000006c2900000, 0x00000006c2900000, 0x00000006c2a00000|  0%| F|  |TS  0|AC  0|TAMS 0x00000006c2900000, 0x00000006c2900000|
|  18|0x00000006c2a00000, 0x00000006c2a00000, 0x00000006c2b00000|  0%| F|  |TS  0|AC  0|TAMS 0x00000006c2a00000, 0x00000006c2a00000|
|  19|0x00000006c2b00000, 0x00000006c2b00000, 0x00000006c2c00000|  0%| F|  |TS  0|AC  0|TAMS 0x00000006c2b00000, 0x00000006c2b00000|
|  20|0x00000006c2c00000, 0x00000006c2c00000, 0x00000006c2d00000|  0%| F|  |TS  0|AC  0|TAMS 0x00000006c2c00000, 0x00000006c2c00000|
|  21|0x00000006c2d00000, 0x00000006c2d00000, 0x00000006c2e00000|  0%| F|  |TS  0|AC  0|TAMS 0x00000006c2d00000, 0x00000006c2d00000|
|  22|0x00000006c2e00000, 0x00000006c2e00000, 0x00000006c2f00000|  0%| F|  |TS  0|AC  0|TAMS 0x00000006c2e00000, 0x00000006c2e00000|
|  23|0x00000006c2f00000, 0x00000006c2f00000, 0x00000006c3000000|  0%| F|  |TS  0|AC  0|TAMS 0x00000006c2f00000, 0x00000006c2f00000|
|  24|0x00000006c3000000, 0x00000006c3000000, 0x00000006c3100000|  0%| F|  |TS  0|AC  0|TAMS 0x00000006c3000000, 0x00000006c3000000|
|  25|0x00000006c3100000, 0x00000006c3100000, 0x00000006c3200000|  0%| F|  |TS  0|AC  0|TAMS 0x00000006c3100000, 0x00000006c3100000|
|  26|0x00000006c3200000, 0x00000006c3200000, 0x00000006c3300000|  0%| F|  |TS  0|AC  0|TAMS 0x00000006c3200000, 0x00000006c3200000|
|  27|0x00000006c3300000, 0x00000006c3300000, 0x00000006c3400000|  0%| F|  |TS  0|AC  0|TAMS 0x00000006c3300000, 0x00000006c3300000|
|  28|0x00000006c3400000, 0x00000006c3400000, 0x00000006c3500000|  0%| F|  |TS  0|AC  0|TAMS 0x00000006c3400000, 0x00000006c3400000|
|  29|0x00000006c3500000, 0x00000006c3500000, 0x00000006c3600000|  0%| F|  |TS  0|AC  0|TAMS 0x00000006c3500000, 0x00000006c3500000|
|  30|0x00000006c3600000, 0x00000006c3600000, 0x00000006c3700000|  0%| F|  |TS  0|AC  0|TAMS 0x00000006c3600000, 0x00000006c3600000|
|  31|0x00000006c3700000, 0x00000006c3700000, 0x00000006c3800000|  0%| F|  |TS  0|AC  0|TAMS 0x00000006c3700000, 0x00000006c3700000|
|  32|0x00000006c3800000, 0x00000006c3800000, 0x00000006c3900000|  0%| F|  |TS  0|AC  0|TAMS 0x00000006c3800000, 0x00000006c3800000|
|  33|0x00000006c3900000, 0x00000006c3900000, 0x00000006c3a00000|  0%| F|  |TS  0|AC  0|TAMS 0x00000006c3900000, 0x00000006c3900000|
|  34|0x00000006c3a00000, 0x00000006c3a00000, 0x00000006c3b00000|  0%| F|  |TS  0|AC  0|TAMS 0x00000006c3a00000, 0x00000006c3a00000|
|  35|0x00000006c3b00000, 0x00000006c3b00000, 0x00000006c3c00000|  0%| F|  |TS  0|AC  0|TAMS 0x00000006c3b00000, 0x00000006c3b00000|
|  36|0x00000006c3c00000, 0x00000006c3c00000, 0x00000006c3d00000|  0%| F|  |TS  0|AC  0|TAMS 0x00000006c3c00000, 0x00000006c3c00000|
|  37|0x00000006c3d00000, 0x00000006c3d00000, 0x00000006c3e00000|  0%| F|  |TS  0|AC  0|TAMS 0x00000006c3d00000, 0x00000006c3d00000|
|  38|0x00000006c3e00000, 0x00000006c3e00000, 0x00000006c3f00000|  0%| F|  |TS  0|AC  0|TAMS 0x00000006c3e00000, 0x00000006c3e00000|
|  39|0x00000006c3f00000, 0x00000006c3f00000, 0x00000006c4000000|  0%| F|  |TS  0|AC  0|TAMS 0x00000006c3f00000, 0x00000006c3f00000|
|  40|0x00000006c4000000, 0x00000006c4000000, 0x00000006c4100000|  0%| F|  |TS  0|AC  0|TAMS 0x00000006c4000000, 0x00000006c4000000|
|  41|0x00000006c4100000, 0x00000006c4100000, 0x00000006c4200000|  0%| F|  |TS  0|AC  0|TAMS 0x00000006c4100000, 0x00000006c4100000|
|  42|0x00000006c4200000, 0x00000006c4200000, 0x00000006c4300000|  0%| F|  |TS  0|AC  0|TAMS 0x00000006c4200000, 0x00000006c4200000|
|  43|0x00000006c4300000, 0x00000006c4300000, 0x00000006c4400000|  0%| F|  |TS  0|AC  0|TAMS 0x00000006c4300000, 0x00000006c4300000|
|  44|0x00000006c4400000, 0x00000006c4400000, 0x00000006c4500000|  0%| F|  |TS  0|AC  0|TAMS 0x00000006c4400000, 0x00000006c4400000|
|  45|0x00000006c4500000, 0x00000006c4500000, 0x00000006c4600000|  0%| F|  |TS  0|AC  0|TAMS 0x00000006c4500000, 0x00000006c4500000|
|  46|0x00000006c4600000, 0x00000006c4600000, 0x00000006c4700000|  0%| F|  |TS  0|AC  0|TAMS 0x00000006c4600000, 0x00000006c4600000|
|  47|0x00000006c4700000, 0x00000006c4700000, 0x00000006c4800000|  0%| F|  |TS  0|AC  0|TAMS 0x00000006c4700000, 0x00000006c4700000|
|  48|0x00000006c4800000, 0x00000006c4800000, 0x00000006c4900000|  0%| F|  |TS  0|AC  0|TAMS 0x00000006c4800000, 0x00000006c4800000|
|  49|0x00000006c4900000, 0x00000006c4900000, 0x00000006c4a00000|  0%| F|  |TS  0|AC  0|TAMS 0x00000006c4900000, 0x00000006c4900000|
|  50|0x00000006c4a00000, 0x00000006c4a00000, 0x00000006c4b00000|  0%| F|  |TS  0|AC  0|TAMS 0x00000006c4a00000, 0x00000006c4a00000|
|  51|0x00000006c4b00000, 0x00000006c4b00000, 0x00000006c4c00000|  0%| F|  |TS  0|AC  0|TAMS 0x00000006c4b00000, 0x00000006c4b00000|
|  52|0x00000006c4c00000, 0x00000006c4c00000, 0x00000006c4d00000|  0%| F|  |TS  0|AC  0|TAMS 0x00000006c4c00000, 0x00000006c4c00000|
|  53|0x00000006c4d00000, 0x00000006c4d00000, 0x00000006c4e00000|  0%| F|  |TS  0|AC  0|TAMS 0x00000006c4d00000, 0x00000006c4d00000|
|  54|0x00000006c4e00000, 0x00000006c4e00000, 0x00000006c4f00000|  0%| F|  |TS  0|AC  0|TAMS 0x00000006c4e00000, 0x00000006c4e00000|
|  55|0x00000006c4f00000, 0x00000006c4f00000, 0x00000006c5000000|  0%| F|  |TS  0|AC  0|TAMS 0x00000006c4f00000, 0x00000006c4f00000|
|  56|0x00000006c5000000, 0x00000006c5000000, 0x00000006c5100000|  0%| F|  |TS  0|AC  0|TAMS 0x00000006c5000000, 0x00000006c5000000|
|  57|0x00000006c5100000, 0x00000006c5100000, 0x00000006c5200000|  0%| F|  |TS  0|AC  0|TAMS 0x00000006c5100000, 0x00000006c5100000|
|  58|0x00000006c5200000, 0x00000006c5200000, 0x00000006c5300000|  0%| F|  |TS  0|AC  0|TAMS 0x00000006c5200000, 0x00000006c5200000|
|  59|0x00000006c5300000, 0x00000006c5300000, 0x00000006c5400000|  0%| F|  |TS  0|AC  0|TAMS 0x00000006c5300000, 0x00000006c5300000|
|  60|0x00000006c5400000, 0x00000006c5400000, 0x00000006c5500000|  0%| F|  |TS  0|AC  0|TAMS 0x00000006c5400000, 0x00000006c5400000|
|  61|0x00000006c5500000, 0x00000006c5500000, 0x00000006c5600000|  0%| F|  |TS  0|AC  0|TAMS 0x00000006c5500000, 0x00000006c5500000|
|  62|0x00000006c5600000, 0x00000006c5600000, 0x00000006c5700000|  0%| F|  |TS  0|AC  0|TAMS 0x00000006c5600000, 0x00000006c5600000|
|  63|0x00000006c5700000, 0x00000006c5700000, 0x00000006c5800000|  0%| F|  |TS  0|AC  0|TAMS 0x00000006c5700000, 0x00000006c5700000|
|  64|0x00000006c5800000, 0x00000006c5800000, 0x00000006c5900000|  0%| F|  |TS  0|AC  0|TAMS 0x00000006c5800000, 0x00000006c5800000|
|  65|0x00000006c5900000, 0x00000006c5900000, 0x00000006c5a00000|  0%| F|  |TS  0|AC  0|TAMS 0x00000006c5900000, 0x00000006c5900000|
|  66|0x00000006c5a00000, 0x00000006c5a00000, 0x00000006c5b00000|  0%| F|  |TS  0|AC  0|TAMS 0x00000006c5a00000, 0x00000006c5a00000|
|  67|0x00000006c5b00000, 0x00000006c5b00000, 0x00000006c5c00000|  0%| F|  |TS  0|AC  0|TAMS 0x00000006c5b00000, 0x00000006c5b00000|
|  68|0x00000006c5c00000, 0x00000006c5c00000, 0x00000006c5d00000|  0%| F|  |TS  0|AC  0|TAMS 0x00000006c5c00000, 0x00000006c5c00000|
|  69|0x00000006c5d00000, 0x00000006c5d00000, 0x00000006c5e00000|  0%| F|  |TS  0|AC  0|TAMS 0x00000006c5d00000, 0x00000006c5d00000|
|  70|0x00000006c5e00000, 0x00000006c5e00000, 0x00000006c5f00000|  0%| F|  |TS  0|AC  0|TAMS 0x00000006c5e00000, 0x00000006c5e00000|
|  71|0x00000006c5f00000, 0x00000006c5f00000, 0x00000006c6000000|  0%| F|  |TS  0|AC  0|TAMS 0x00000006c5f00000, 0x00000006c5f00000|
|  72|0x00000006c6000000, 0x00000006c6000000, 0x00000006c6100000|  0%| F|  |TS  0|AC  0|TAMS 0x00000006c6000000, 0x00000006c6000000|
|  73|0x00000006c6100000, 0x00000006c6100000, 0x00000006c6200000|  0%| F|  |TS  0|AC  0|TAMS 0x00000006c6100000, 0x00000006c6100000|
|  74|0x00000006c6200000, 0x00000006c6200000, 0x00000006c6300000|  0%| F|  |TS  0|AC  0|TAMS 0x00000006c6200000, 0x00000006c6200000|
|  75|0x00000006c6300000, 0x00000006c6300000, 0x00000006c6400000|  0%| F|  |TS  0|AC  0|TAMS 0x00000006c6300000, 0x00000006c6300000|
|  76|0x00000006c6400000, 0x00000006c6400000, 0x00000006c6500000|  0%| F|  |TS  0|AC  0|TAMS 0x00000006c6400000, 0x00000006c6400000|
|  77|0x00000006c6500000, 0x00000006c6500000, 0x00000006c6600000|  0%| F|  |TS  0|AC  0|TAMS 0x00000006c6500000, 0x00000006c6500000|
|  78|0x00000006c6600000, 0x00000006c6600000, 0x00000006c6700000|  0%| F|  |TS  0|AC  0|TAMS 0x00000006c6600000, 0x00000006c6600000|
|  79|0x00000006c6700000, 0x00000006c6700000, 0x00000006c6800000|  0%| F|  |TS  0|AC  0|TAMS 0x00000006c6700000, 0x00000006c6700000|
|  80|0x00000006c6800000, 0x00000006c6800000, 0x00000006c6900000|  0%| F|  |TS  0|AC  0|TAMS 0x00000006c6800000, 0x00000006c6800000|
|  81|0x00000006c6900000, 0x00000006c6900000, 0x00000006c6a00000|  0%| F|  |TS  0|AC  0|TAMS 0x00000006c6900000, 0x00000006c6900000|
|  82|0x00000006c6a00000, 0x00000006c6a00000, 0x00000006c6b00000|  0%| F|  |TS  0|AC  0|TAMS 0x00000006c6a00000, 0x00000006c6a00000|
|  83|0x00000006c6b00000, 0x00000006c6b00000, 0x00000006c6c00000|  0%| F|  |TS  0|AC  0|TAMS 0x00000006c6b00000, 0x00000006c6b00000|
|  84|0x00000006c6c00000, 0x00000006c6c00000, 0x00000006c6d00000|  0%| F|  |TS  0|AC  0|TAMS 0x00000006c6c00000, 0x00000006c6c00000|
|  85|0x00000006c6d00000, 0x00000006c6d00000, 0x00000006c6e00000|  0%| F|  |TS  0|AC  0|TAMS 0x00000006c6d00000, 0x00000006c6d00000|
|  86|0x00000006c6e00000, 0x00000006c6e00000, 0x00000006c6f00000|  0%| F|  |TS  0|AC  0|TAMS 0x00000006c6e00000, 0x00000006c6e00000|
|  87|0x00000006c6f00000, 0x00000006c6f00000, 0x00000006c7000000|  0%| F|  |TS  0|AC  0|TAMS 0x00000006c6f00000, 0x00000006c6f00000|
|  88|0x00000006c7000000, 0x00000006c7000000, 0x00000006c7100000|  0%| F|  |TS  0|AC  0|TAMS 0x00000006c7000000, 0x00000006c7000000|
|  89|0x00000006c7100000, 0x00000006c7100000, 0x00000006c7200000|  0%| F|  |TS  0|AC  0|TAMS 0x00000006c7100000, 0x00000006c7100000|
|  90|0x00000006c7200000, 0x00000006c7200000, 0x00000006c7300000|  0%| F|  |TS  0|AC  0|TAMS 0x00000006c7200000, 0x00000006c7200000|
|  91|0x00000006c7300000, 0x00000006c7300000, 0x00000006c7400000|  0%| F|  |TS  0|AC  0|TAMS 0x00000006c7300000, 0x00000006c7300000|
|  92|0x00000006c7400000, 0x00000006c7400000, 0x00000006c7500000|  0%| F|  |TS  0|AC  0|TAMS 0x00000006c7400000, 0x00000006c7400000|
|  93|0x00000006c7500000, 0x00000006c7500000, 0x00000006c7600000|  0%| F|  |TS  0|AC  0|TAMS 0x00000006c7500000, 0x00000006c7500000|
|  94|0x00000006c7600000, 0x00000006c7600000, 0x00000006c7700000|  0%| F|  |TS  0|AC  0|TAMS 0x00000006c7600000, 0x00000006c7600000|
|  95|0x00000006c7700000, 0x00000006c7700000, 0x00000006c7800000|  0%| F|  |TS  0|AC  0|TAMS 0x00000006c7700000, 0x00000006c7700000|
|  96|0x00000006c7800000, 0x00000006c7800000, 0x00000006c7900000|  0%| F|  |TS  0|AC  0|TAMS 0x00000006c7800000, 0x00000006c7800000|
|  97|0x00000006c7900000, 0x00000006c7900000, 0x00000006c7a00000|  0%| F|  |TS  0|AC  0|TAMS 0x00000006c7900000, 0x00000006c7900000|
|  98|0x00000006c7a00000, 0x00000006c7a00000, 0x00000006c7b00000|  0%| F|  |TS  0|AC  0|TAMS 0x00000006c7a00000, 0x00000006c7a00000|
|  99|0x00000006c7b00000, 0x00000006c7b00000, 0x00000006c7c00000|  0%| F|  |TS  0|AC  0|TAMS 0x00000006c7b00000, 0x00000006c7b00000|
| 100|0x00000006c7c00000, 0x00000006c7c00000, 0x00000006c7d00000|  0%| F|  |TS  0|AC  0|TAMS 0x00000006c7c00000, 0x00000006c7c00000|
| 101|0x00000006c7d00000, 0x00000006c7d00000, 0x00000006c7e00000|  0%| F|  |TS  0|AC  0|TAMS 0x00000006c7d00000, 0x00000006c7d00000|
| 102|0x00000006c7e00000, 0x00000006c7e00000, 0x00000006c7f00000|  0%| F|  |TS  0|AC  0|TAMS 0x00000006c7e00000, 0x00000006c7e00000|
| 103|0x00000006c7f00000, 0x00000006c7f00000, 0x00000006c8000000|  0%| F|  |TS  0|AC  0|TAMS 0x00000006c7f00000, 0x00000006c7f00000|
| 104|0x00000006c8000000, 0x00000006c8000000, 0x00000006c8100000|  0%| F|  |TS  0|AC  0|TAMS 0x00000006c8000000, 0x00000006c8000000|
| 105|0x00000006c8100000, 0x00000006c8100000, 0x00000006c8200000|  0%| F|  |TS  0|AC  0|TAMS 0x00000006c8100000, 0x00000006c8100000|
| 106|0x00000006c8200000, 0x00000006c8200000, 0x00000006c8300000|  0%| F|  |TS  0|AC  0|TAMS 0x00000006c8200000, 0x00000006c8200000|
| 107|0x00000006c8300000, 0x00000006c8300000, 0x00000006c8400000|  0%| F|  |TS  0|AC  0|TAMS 0x00000006c8300000, 0x00000006c8300000|
| 108|0x00000006c8400000, 0x00000006c8400000, 0x00000006c8500000|  0%| F|  |TS  0|AC  0|TAMS 0x00000006c8400000, 0x00000006c8400000|
| 109|0x00000006c8500000, 0x00000006c8500000, 0x00000006c8600000|  0%| F|  |TS  0|AC  0|TAMS 0x00000006c8500000, 0x00000006c8500000|
| 110|0x00000006c8600000, 0x00000006c8600000, 0x00000006c8700000|  0%| F|  |TS  0|AC  0|TAMS 0x00000006c8600000, 0x00000006c8600000|
| 111|0x00000006c8700000, 0x00000006c8700000, 0x00000006c8800000|  0%| F|  |TS  0|AC  0|TAMS 0x00000006c8700000, 0x00000006c8700000|
| 112|0x00000006c8800000, 0x00000006c8800000, 0x00000006c8900000|  0%| F|  |TS  0|AC  0|TAMS 0x00000006c8800000, 0x00000006c8800000|
| 113|0x00000006c8900000, 0x00000006c8900000, 0x00000006c8a00000|  0%| F|  |TS  0|AC  0|TAMS 0x00000006c8900000, 0x00000006c8900000|
| 114|0x00000006c8a00000, 0x00000006c8a00000, 0x00000006c8b00000|  0%| F|  |TS  0|AC  0|TAMS 0x00000006c8a00000, 0x00000006c8a00000|
| 115|0x00000006c8b00000, 0x00000006c8b00000, 0x00000006c8c00000|  0%| F|  |TS  0|AC  0|TAMS 0x00000006c8b00000, 0x00000006c8b00000|
| 116|0x00000006c8c00000, 0x00000006c8c00000, 0x00000006c8d00000|  0%| F|  |TS  0|AC  0|TAMS 0x00000006c8c00000, 0x00000006c8c00000|
| 117|0x00000006c8d00000, 0x00000006c8d00000, 0x00000006c8e00000|  0%| F|  |TS  0|AC  0|TAMS 0x00000006c8d00000, 0x00000006c8d00000|
| 118|0x00000006c8e00000, 0x00000006c8e00000, 0x00000006c8f00000|  0%| F|  |TS  0|AC  0|TAMS 0x00000006c8e00000, 0x00000006c8e00000|
| 119|0x00000006c8f00000, 0x00000006c8f00000, 0x00000006c9000000|  0%| F|  |TS  0|AC  0|TAMS 0x00000006c8f00000, 0x00000006c8f00000|
| 120|0x00000006c9000000, 0x00000006c9000000, 0x00000006c9100000|  0%| F|  |TS  0|AC  0|TAMS 0x00000006c9000000, 0x00000006c9000000|
| 121|0x00000006c9100000, 0x00000006c9100000, 0x00000006c9200000|  0%| F|  |TS  0|AC  0|TAMS 0x00000006c9100000, 0x00000006c9100000|
| 122|0x00000006c9200000, 0x00000006c9200000, 0x00000006c9300000|  0%| F|  |TS  0|AC  0|TAMS 0x00000006c9200000, 0x00000006c9200000|
| 123|0x00000006c9300000, 0x00000006c9300000, 0x00000006c9400000|  0%| F|  |TS  0|AC  0|TAMS 0x00000006c9300000, 0x00000006c9300000|
| 124|0x00000006c9400000, 0x00000006c9400000, 0x00000006c9500000|  0%| F|  |TS  0|AC  0|TAMS 0x00000006c9400000, 0x00000006c9400000|
| 125|0x00000006c9500000, 0x00000006c9500000, 0x00000006c9600000|  0%| F|  |TS  0|AC  0|TAMS 0x00000006c9500000, 0x00000006c9500000|
| 126|0x00000006c9600000, 0x00000006c9600000, 0x00000006c9700000|  0%| F|  |TS  0|AC  0|TAMS 0x00000006c9600000, 0x00000006c9600000|
| 127|0x00000006c9700000, 0x00000006c9700000, 0x00000006c9800000|  0%| F|  |TS  0|AC  0|TAMS 0x00000006c9700000, 0x00000006c9700000|
| 128|0x00000006c9800000, 0x00000006c9800000, 0x00000006c9900000|  0%| F|  |TS  0|AC  0|TAMS 0x00000006c9800000, 0x00000006c9800000|
| 129|0x00000006c9900000, 0x00000006c9900000, 0x00000006c9a00000|  0%| F|  |TS  0|AC  0|TAMS 0x00000006c9900000, 0x00000006c9900000|
| 130|0x00000006c9a00000, 0x00000006c9a00000, 0x00000006c9b00000|  0%| F|  |TS  0|AC  0|TAMS 0x00000006c9a00000, 0x00000006c9a00000|
| 131|0x00000006c9b00000, 0x00000006c9b00000, 0x00000006c9c00000|  0%| F|  |TS  0|AC  0|TAMS 0x00000006c9b00000, 0x00000006c9b00000|
| 132|0x00000006c9c00000, 0x00000006c9c00000, 0x00000006c9d00000|  0%| F|  |TS  0|AC  0|TAMS 0x00000006c9c00000, 0x00000006c9c00000|
| 133|0x00000006c9d00000, 0x00000006c9d00000, 0x00000006c9e00000|  0%| F|  |TS  0|AC  0|TAMS 0x00000006c9d00000, 0x00000006c9d00000|
| 134|0x00000006c9e00000, 0x00000006c9e00000, 0x00000006c9f00000|  0%| F|  |TS  0|AC  0|TAMS 0x00000006c9e00000, 0x00000006c9e00000|
| 135|0x00000006c9f00000, 0x00000006c9f00000, 0x00000006ca000000|  0%| F|  |TS  0|AC  0|TAMS 0x00000006c9f00000, 0x00000006c9f00000|
| 136|0x00000006ca000000, 0x00000006ca000000, 0x00000006ca100000|  0%| F|  |TS  0|AC  0|TAMS 0x00000006ca000000, 0x00000006ca000000|
| 137|0x00000006ca100000, 0x00000006ca100000, 0x00000006ca200000|  0%| F|  |TS  0|AC  0|TAMS 0x00000006ca100000, 0x00000006ca100000|
| 138|0x00000006ca200000, 0x00000006ca200000, 0x00000006ca300000|  0%| F|  |TS  0|AC  0|TAMS 0x00000006ca200000, 0x00000006ca200000|
| 139|0x00000006ca300000, 0x00000006ca300000, 0x00000006ca400000|  0%| F|  |TS  0|AC  0|TAMS 0x00000006ca300000, 0x00000006ca300000|
| 140|0x00000006ca400000, 0x00000006ca400000, 0x00000006ca500000|  0%| F|  |TS  0|AC  0|TAMS 0x00000006ca400000, 0x00000006ca400000|
| 141|0x00000006ca500000, 0x00000006ca500000, 0x00000006ca600000|  0%| F|  |TS  0|AC  0|TAMS 0x00000006ca500000, 0x00000006ca500000|
| 142|0x00000006ca600000, 0x00000006ca600000, 0x00000006ca700000|  0%| F|  |TS  0|AC  0|TAMS 0x00000006ca600000, 0x00000006ca600000|
| 143|0x00000006ca700000, 0x00000006ca700000, 0x00000006ca800000|  0%| F|  |TS  0|AC  0|TAMS 0x00000006ca700000, 0x00000006ca700000|
| 144|0x00000006ca800000, 0x00000006ca800000, 0x00000006ca900000|  0%| F|  |TS  0|AC  0|TAMS 0x00000006ca800000, 0x00000006ca800000|
| 145|0x00000006ca900000, 0x00000006ca900000, 0x00000006caa00000|  0%| F|  |TS  0|AC  0|TAMS 0x00000006ca900000, 0x00000006ca900000|
| 146|0x00000006caa00000, 0x00000006caa00000, 0x00000006cab00000|  0%| F|  |TS  0|AC  0|TAMS 0x00000006caa00000, 0x00000006caa00000|
| 147|0x00000006cab00000, 0x00000006cab00000, 0x00000006cac00000|  0%| F|  |TS  0|AC  0|TAMS 0x00000006cab00000, 0x00000006cab00000|
| 148|0x00000006cac00000, 0x00000006cac00000, 0x00000006cad00000|  0%| F|  |TS  0|AC  0|TAMS 0x00000006cac00000, 0x00000006cac00000|
| 149|0x00000006cad00000, 0x00000006cad00000, 0x00000006cae00000|  0%| F|  |TS  0|AC  0|TAMS 0x00000006cad00000, 0x00000006cad00000|
| 150|0x00000006cae00000, 0x00000006cae00000, 0x00000006caf00000|  0%| F|  |TS  0|AC  0|TAMS 0x00000006cae00000, 0x00000006cae00000|
| 151|0x00000006caf00000, 0x00000006caf00000, 0x00000006cb000000|  0%| F|  |TS  0|AC  0|TAMS 0x00000006caf00000, 0x00000006caf00000|
| 152|0x00000006cb000000, 0x00000006cb000000, 0x00000006cb100000|  0%| F|  |TS  0|AC  0|TAMS 0x00000006cb000000, 0x00000006cb000000|
| 153|0x00000006cb100000, 0x00000006cb100000, 0x00000006cb200000|  0%| F|  |TS  0|AC  0|TAMS 0x00000006cb100000, 0x00000006cb100000|
| 154|0x00000006cb200000, 0x00000006cb200000, 0x00000006cb300000|  0%| F|  |TS  0|AC  0|TAMS 0x00000006cb200000, 0x00000006cb200000|
| 155|0x00000006cb300000, 0x00000006cb300000, 0x00000006cb400000|  0%| F|  |TS  0|AC  0|TAMS 0x00000006cb300000, 0x00000006cb300000|
| 156|0x00000006cb400000, 0x00000006cb400000, 0x00000006cb500000|  0%| F|  |TS  0|AC  0|TAMS 0x00000006cb400000, 0x00000006cb400000|
| 157|0x00000006cb500000, 0x00000006cb500000, 0x00000006cb600000|  0%| F|  |TS  0|AC  0|TAMS 0x00000006cb500000, 0x00000006cb500000|
| 158|0x00000006cb600000, 0x00000006cb600000, 0x00000006cb700000|  0%| F|  |TS  0|AC  0|TAMS 0x00000006cb600000, 0x00000006cb600000|
| 159|0x00000006cb700000, 0x00000006cb700000, 0x00000006cb800000|  0%| F|  |TS  0|AC  0|TAMS 0x00000006cb700000, 0x00000006cb700000|
| 160|0x00000006cb800000, 0x00000006cb800000, 0x00000006cb900000|  0%| F|  |TS  0|AC  0|TAMS 0x00000006cb800000, 0x00000006cb800000|
| 161|0x00000006cb900000, 0x00000006cb900000, 0x00000006cba00000|  0%| F|  |TS  0|AC  0|TAMS 0x00000006cb900000, 0x00000006cb900000|
| 162|0x00000006cba00000, 0x00000006cba00000, 0x00000006cbb00000|  0%| F|  |TS  0|AC  0|TAMS 0x00000006cba00000, 0x00000006cba00000|
| 163|0x00000006cbb00000, 0x00000006cbb00000, 0x00000006cbc00000|  0%| F|  |TS  0|AC  0|TAMS 0x00000006cbb00000, 0x00000006cbb00000|
| 164|0x00000006cbc00000, 0x00000006cbc00000, 0x00000006cbd00000|  0%| F|  |TS  0|AC  0|TAMS 0x00000006cbc00000, 0x00000006cbc00000|
| 165|0x00000006cbd00000, 0x00000006cbd00000, 0x00000006cbe00000|  0%| F|  |TS  0|AC  0|TAMS 0x00000006cbd00000, 0x00000006cbd00000|
| 166|0x00000006cbe00000, 0x00000006cbe00000, 0x00000006cbf00000|  0%| F|  |TS  0|AC  0|TAMS 0x00000006cbe00000, 0x00000006cbe00000|
| 167|0x00000006cbf00000, 0x00000006cbf00000, 0x00000006cc000000|  0%| F|  |TS  0|AC  0|TAMS 0x00000006cbf00000, 0x00000006cbf00000|
| 168|0x00000006cc000000, 0x00000006cc000000, 0x00000006cc100000|  0%| F|  |TS  0|AC  0|TAMS 0x00000006cc000000, 0x00000006cc000000|
| 169|0x00000006cc100000, 0x00000006cc100000, 0x00000006cc200000|  0%| F|  |TS  0|AC  0|TAMS 0x00000006cc100000, 0x00000006cc100000|
| 170|0x00000006cc200000, 0x00000006cc200000, 0x00000006cc300000|  0%| F|  |TS  0|AC  0|TAMS 0x00000006cc200000, 0x00000006cc200000|
| 171|0x00000006cc300000, 0x00000006cc300000, 0x00000006cc400000|  0%| F|  |TS  0|AC  0|TAMS 0x00000006cc300000, 0x00000006cc300000|
| 172|0x00000006cc400000, 0x00000006cc400000, 0x00000006cc500000|  0%| F|  |TS  0|AC  0|TAMS 0x00000006cc400000, 0x00000006cc400000|
| 173|0x00000006cc500000, 0x00000006cc500000, 0x00000006cc600000|  0%| F|  |TS  0|AC  0|TAMS 0x00000006cc500000, 0x00000006cc500000|
| 174|0x00000006cc600000, 0x00000006cc600000, 0x00000006cc700000|  0%| F|  |TS  0|AC  0|TAMS 0x00000006cc600000, 0x00000006cc600000|
| 175|0x00000006cc700000, 0x00000006cc700000, 0x00000006cc800000|  0%| F|  |TS  0|AC  0|TAMS 0x00000006cc700000, 0x00000006cc700000|
| 176|0x00000006cc800000, 0x00000006cc800000, 0x00000006cc900000|  0%| F|  |TS  0|AC  0|TAMS 0x00000006cc800000, 0x00000006cc800000|
| 177|0x00000006cc900000, 0x00000006cc900000, 0x00000006cca00000|  0%| F|  |TS  0|AC  0|TAMS 0x00000006cc900000, 0x00000006cc900000|
| 178|0x00000006cca00000, 0x00000006cca00000, 0x00000006ccb00000|  0%| F|  |TS  0|AC  0|TAMS 0x00000006cca00000, 0x00000006cca00000|
| 179|0x00000006ccb00000, 0x00000006ccb00000, 0x00000006ccc00000|  0%| F|  |TS  0|AC  0|TAMS 0x00000006ccb00000, 0x00000006ccb00000|
| 180|0x00000006ccc00000, 0x00000006ccc00000, 0x00000006ccd00000|  0%| F|  |TS  0|AC  0|TAMS 0x00000006ccc00000, 0x00000006ccc00000|
| 181|0x00000006ccd00000, 0x00000006ccd00000, 0x00000006cce00000|  0%| F|  |TS  0|AC  0|TAMS 0x00000006ccd00000, 0x00000006ccd00000|
| 182|0x00000006cce00000, 0x00000006cce00000, 0x00000006ccf00000|  0%| F|  |TS  0|AC  0|TAMS 0x00000006cce00000, 0x00000006cce00000|
| 183|0x00000006ccf00000, 0x00000006ccf00000, 0x00000006cd000000|  0%| F|  |TS  0|AC  0|TAMS 0x00000006ccf00000, 0x00000006ccf00000|
| 184|0x00000006cd000000, 0x00000006cd000000, 0x00000006cd100000|  0%| F|  |TS  0|AC  0|TAMS 0x00000006cd000000, 0x00000006cd000000|
| 185|0x00000006cd100000, 0x00000006cd100000, 0x00000006cd200000|  0%| F|  |TS  0|AC  0|TAMS 0x00000006cd100000, 0x00000006cd100000|
| 186|0x00000006cd200000, 0x00000006cd200000, 0x00000006cd300000|  0%| F|  |TS  0|AC  0|TAMS 0x00000006cd200000, 0x00000006cd200000|
| 187|0x00000006cd300000, 0x00000006cd300000, 0x00000006cd400000|  0%| F|  |TS  0|AC  0|TAMS 0x00000006cd300000, 0x00000006cd300000|
| 188|0x00000006cd400000, 0x00000006cd400000, 0x00000006cd500000|  0%| F|  |TS  0|AC  0|TAMS 0x00000006cd400000, 0x00000006cd400000|
| 189|0x00000006cd500000, 0x00000006cd500000, 0x00000006cd600000|  0%| F|  |TS  0|AC  0|TAMS 0x00000006cd500000, 0x00000006cd500000|
| 190|0x00000006cd600000, 0x00000006cd600000, 0x00000006cd700000|  0%| F|  |TS  0|AC  0|TAMS 0x00000006cd600000, 0x00000006cd600000|
| 191|0x00000006cd700000, 0x00000006cd700000, 0x00000006cd800000|  0%| F|  |TS  0|AC  0|TAMS 0x00000006cd700000, 0x00000006cd700000|
| 192|0x00000006cd800000, 0x00000006cd800000, 0x00000006cd900000|  0%| F|  |TS  0|AC  0|TAMS 0x00000006cd800000, 0x00000006cd800000|
| 193|0x00000006cd900000, 0x00000006cd900000, 0x00000006cda00000|  0%| F|  |TS  0|AC  0|TAMS 0x00000006cd900000, 0x00000006cd900000|
| 194|0x00000006cda00000, 0x00000006cda00000, 0x00000006cdb00000|  0%| F|  |TS  0|AC  0|TAMS 0x00000006cda00000, 0x00000006cda00000|
| 195|0x00000006cdb00000, 0x00000006cdb00000, 0x00000006cdc00000|  0%| F|  |TS  0|AC  0|TAMS 0x00000006cdb00000, 0x00000006cdb00000|
| 196|0x00000006cdc00000, 0x00000006cdc00000, 0x00000006cdd00000|  0%| F|  |TS  0|AC  0|TAMS 0x00000006cdc00000, 0x00000006cdc00000|
| 197|0x00000006cdd00000, 0x00000006cdd00000, 0x00000006cde00000|  0%| F|  |TS  0|AC  0|TAMS 0x00000006cdd00000, 0x00000006cdd00000|
| 198|0x00000006cde00000, 0x00000006cde00000, 0x00000006cdf00000|  0%| F|  |TS  0|AC  0|TAMS 0x00000006cde00000, 0x00000006cde00000|
| 199|0x00000006cdf00000, 0x00000006cdf00000, 0x00000006ce000000|  0%| F|  |TS  0|AC  0|TAMS 0x00000006cdf00000, 0x00000006cdf00000|
| 200|0x00000006ce000000, 0x00000006ce000000, 0x00000006ce100000|  0%| F|  |TS  0|AC  0|TAMS 0x00000006ce000000, 0x00000006ce000000|
| 201|0x00000006ce100000, 0x00000006ce100000, 0x00000006ce200000|  0%| F|  |TS  0|AC  0|TAMS 0x00000006ce100000, 0x00000006ce100000|
| 202|0x00000006ce200000, 0x00000006ce200000, 0x00000006ce300000|  0%| F|  |TS  0|AC  0|TAMS 0x00000006ce200000, 0x00000006ce200000|
| 203|0x00000006ce300000, 0x00000006ce300000, 0x00000006ce400000|  0%| F|  |TS  0|AC  0|TAMS 0x00000006ce300000, 0x00000006ce300000|
| 204|0x00000006ce400000, 0x00000006ce400000, 0x00000006ce500000|  0%| F|  |TS  0|AC  0|TAMS 0x00000006ce400000, 0x00000006ce400000|
| 205|0x00000006ce500000, 0x00000006ce500000, 0x00000006ce600000|  0%| F|  |TS  0|AC  0|TAMS 0x00000006ce500000, 0x00000006ce500000|
| 206|0x00000006ce600000, 0x00000006ce600000, 0x00000006ce700000|  0%| F|  |TS  0|AC  0|TAMS 0x00000006ce600000, 0x00000006ce600000|
| 207|0x00000006ce700000, 0x00000006ce700000, 0x00000006ce800000|  0%| F|  |TS  0|AC  0|TAMS 0x00000006ce700000, 0x00000006ce700000|
| 208|0x00000006ce800000, 0x00000006ce800000, 0x00000006ce900000|  0%| F|  |TS  0|AC  0|TAMS 0x00000006ce800000, 0x00000006ce800000|
| 209|0x00000006ce900000, 0x00000006ce900000, 0x00000006cea00000|  0%| F|  |TS  0|AC  0|TAMS 0x00000006ce900000, 0x00000006ce900000|
| 210|0x00000006cea00000, 0x00000006cea00000, 0x00000006ceb00000|  0%| F|  |TS  0|AC  0|TAMS 0x00000006cea00000, 0x00000006cea00000|
| 211|0x00000006ceb00000, 0x00000006ceb00000, 0x00000006cec00000|  0%| F|  |TS  0|AC  0|TAMS 0x00000006ceb00000, 0x00000006ceb00000|
| 212|0x00000006cec00000, 0x00000006cec00000, 0x00000006ced00000|  0%| F|  |TS  0|AC  0|TAMS 0x00000006cec00000, 0x00000006cec00000|
| 213|0x00000006ced00000, 0x00000006ced00000, 0x00000006cee00000|  0%| F|  |TS  0|AC  0|TAMS 0x00000006ced00000, 0x00000006ced00000|
| 214|0x00000006cee00000, 0x00000006cee00000, 0x00000006cef00000|  0%| F|  |TS  0|AC  0|TAMS 0x00000006cee00000, 0x00000006cee00000|
| 215|0x00000006cef00000, 0x00000006cef00000, 0x00000006cf000000|  0%| F|  |TS  0|AC  0|TAMS 0x00000006cef00000, 0x00000006cef00000|
| 216|0x00000006cf000000, 0x00000006cf000000, 0x00000006cf100000|  0%| F|  |TS  0|AC  0|TAMS 0x00000006cf000000, 0x00000006cf000000|
| 217|0x00000006cf100000, 0x00000006cf100000, 0x00000006cf200000|  0%| F|  |TS  0|AC  0|TAMS 0x00000006cf100000, 0x00000006cf100000|
| 218|0x00000006cf200000, 0x00000006cf200000, 0x00000006cf300000|  0%| F|  |TS  0|AC  0|TAMS 0x00000006cf200000, 0x00000006cf200000|
| 219|0x00000006cf300000, 0x00000006cf300000, 0x00000006cf400000|  0%| F|  |TS  0|AC  0|TAMS 0x00000006cf300000, 0x00000006cf300000|
| 220|0x00000006cf400000, 0x00000006cf400000, 0x00000006cf500000|  0%| F|  |TS  0|AC  0|TAMS 0x00000006cf400000, 0x00000006cf400000|
| 221|0x00000006cf500000, 0x00000006cf500000, 0x00000006cf600000|  0%| F|  |TS  0|AC  0|TAMS 0x00000006cf500000, 0x00000006cf500000|
| 222|0x00000006cf600000, 0x00000006cf600000, 0x00000006cf700000|  0%| F|  |TS  0|AC  0|TAMS 0x00000006cf600000, 0x00000006cf600000|
| 223|0x00000006cf700000, 0x00000006cf700000, 0x00000006cf800000|  0%| F|  |TS  0|AC  0|TAMS 0x00000006cf700000, 0x00000006cf700000|
| 224|0x00000006cf800000, 0x00000006cf800000, 0x00000006cf900000|  0%| F|  |TS  0|AC  0|TAMS 0x00000006cf800000, 0x00000006cf800000|
| 225|0x00000006cf900000, 0x00000006cf900000, 0x00000006cfa00000|  0%| F|  |TS  0|AC  0|TAMS 0x00000006cf900000, 0x00000006cf900000|
| 226|0x00000006cfa00000, 0x00000006cfa00000, 0x00000006cfb00000|  0%| F|  |TS  0|AC  0|TAMS 0x00000006cfa00000, 0x00000006cfa00000|
| 227|0x00000006cfb00000, 0x00000006cfb00000, 0x00000006cfc00000|  0%| F|  |TS  0|AC  0|TAMS 0x00000006cfb00000, 0x00000006cfb00000|
| 228|0x00000006cfc00000, 0x00000006cfc00000, 0x00000006cfd00000|  0%| F|  |TS  0|AC  0|TAMS 0x00000006cfc00000, 0x00000006cfc00000|
| 229|0x00000006cfd00000, 0x00000006cfd00000, 0x00000006cfe00000|  0%| F|  |TS  0|AC  0|TAMS 0x00000006cfd00000, 0x00000006cfd00000|
| 230|0x00000006cfe00000, 0x00000006cfe00000, 0x00000006cff00000|  0%| F|  |TS  0|AC  0|TAMS 0x00000006cfe00000, 0x00000006cfe00000|
| 231|0x00000006cff00000, 0x00000006cff00000, 0x00000006d0000000|  0%| F|  |TS  0|AC  0|TAMS 0x00000006cff00000, 0x00000006cff00000|
| 232|0x00000006d0000000, 0x00000006d0000000, 0x00000006d0100000|  0%| F|  |TS  0|AC  0|TAMS 0x00000006d0000000, 0x00000006d0000000|
| 233|0x00000006d0100000, 0x00000006d0100000, 0x00000006d0200000|  0%| F|  |TS  0|AC  0|TAMS 0x00000006d0100000, 0x00000006d0100000|
| 234|0x00000006d0200000, 0x00000006d0200000, 0x00000006d0300000|  0%| F|  |TS  0|AC  0|TAMS 0x00000006d0200000, 0x00000006d0200000|
| 235|0x00000006d0300000, 0x00000006d0300000, 0x00000006d0400000|  0%| F|  |TS  0|AC  0|TAMS 0x00000006d0300000, 0x00000006d0300000|
| 236|0x00000006d0400000, 0x00000006d0400000, 0x00000006d0500000|  0%| F|  |TS  0|AC  0|TAMS 0x00000006d0400000, 0x00000006d0400000|
| 237|0x00000006d0500000, 0x00000006d0500000, 0x00000006d0600000|  0%| F|  |TS  0|AC  0|TAMS 0x00000006d0500000, 0x00000006d0500000|
| 238|0x00000006d0600000, 0x00000006d0600000, 0x00000006d0700000|  0%| F|  |TS  0|AC  0|TAMS 0x00000006d0600000, 0x00000006d0600000|
| 239|0x00000006d0700000, 0x00000006d0700000, 0x00000006d0800000|  0%| F|  |TS  0|AC  0|TAMS 0x00000006d0700000, 0x00000006d0700000|
| 240|0x00000006d0800000, 0x00000006d0800000, 0x00000006d0900000|  0%| F|  |TS  0|AC  0|TAMS 0x00000006d0800000, 0x00000006d0800000|
| 241|0x00000006d0900000, 0x00000006d0900000, 0x00000006d0a00000|  0%| F|  |TS  0|AC  0|TAMS 0x00000006d0900000, 0x00000006d0900000|
| 242|0x00000006d0a00000, 0x00000006d0af6470, 0x00000006d0b00000| 96%| E|  |TS  0|AC  0|TAMS 0x00000006d0a00000, 0x00000006d0a00000|
| 243|0x00000006d0b00000, 0x00000006d0c00000, 0x00000006d0c00000|100%| E|CS|TS  0|AC  0|TAMS 0x00000006d0b00000, 0x00000006d0b00000|
| 244|0x00000006d0c00000, 0x00000006d0d00000, 0x00000006d0d00000|100%| E|CS|TS  0|AC  0|TAMS 0x00000006d0c00000, 0x00000006d0c00000|
| 245|0x00000006d0d00000, 0x00000006d0e00000, 0x00000006d0e00000|100%| E|CS|TS  0|AC  0|TAMS 0x00000006d0d00000, 0x00000006d0d00000|
| 246|0x00000006d0e00000, 0x00000006d0f00000, 0x00000006d0f00000|100%| E|CS|TS  0|AC  0|TAMS 0x00000006d0e00000, 0x00000006d0e00000|
| 247|0x00000006d0f00000, 0x00000006d1000000, 0x00000006d1000000|100%| E|CS|TS  0|AC  0|TAMS 0x00000006d0f00000, 0x00000006d0f00000|
| 248|0x00000006d1000000, 0x00000006d1100000, 0x00000006d1100000|100%| E|CS|TS  0|AC  0|TAMS 0x00000006d1000000, 0x00000006d1000000|
| 249|0x00000006d1100000, 0x00000006d1200000, 0x00000006d1200000|100%| E|CS|TS  0|AC  0|TAMS 0x00000006d1100000, 0x00000006d1100000|
| 250|0x00000006d1200000, 0x00000006d1300000, 0x00000006d1300000|100%| E|CS|TS  0|AC  0|TAMS 0x00000006d1200000, 0x00000006d1200000|
| 251|0x00000006d1300000, 0x00000006d1400000, 0x00000006d1400000|100%| E|CS|TS  0|AC  0|TAMS 0x00000006d1300000, 0x00000006d1300000|
| 252|0x00000006d1400000, 0x00000006d1500000, 0x00000006d1500000|100%| E|CS|TS  0|AC  0|TAMS 0x00000006d1400000, 0x00000006d1400000|
| 253|0x00000006d1500000, 0x00000006d1600000, 0x00000006d1600000|100%| E|CS|TS  0|AC  0|TAMS 0x00000006d1500000, 0x00000006d1500000|
| 254|0x00000006d1600000, 0x00000006d1700000, 0x00000006d1700000|100%| E|CS|TS  0|AC  0|TAMS 0x00000006d1600000, 0x00000006d1600000|
| 255|0x00000006d1700000, 0x00000006d1800000, 0x00000006d1800000|100%| E|CS|TS  0|AC  0|TAMS 0x00000006d1700000, 0x00000006d1700000|

Card table byte_map: [0x000000001aad0000,0x000000001b2d0000] byte_map_base: 0x00000000174c4000

Marking Bits (Prev, Next): (CMBitMap*) 0x00000000003ff7a0, (CMBitMap*) 0x00000000003ff7d8
 Prev Bits: [0x000000001bad0000, 0x000000001fa70000)
 Next Bits: [0x000000001fa70000, 0x0000000023a10000)

Polling page: 0x00000000000e0000

CodeHeap 'non-profiled nmethods': size=120000Kb used=447Kb max_used=447Kb free=119553Kb
 bounds [0x0000000011970000, 0x0000000011be0000, 0x0000000018ea0000]
CodeHeap 'profiled nmethods': size=120000Kb used=2327Kb max_used=2327Kb free=117673Kb
 bounds [0x000000000a440000, 0x000000000a6b0000, 0x0000000011970000]
CodeHeap 'non-nmethods': size=5760Kb used=1195Kb max_used=1212Kb free=4564Kb
 bounds [0x0000000009ea0000, 0x000000000a110000, 0x000000000a440000]
 total_blobs=2152 nmethods=1335 adapters=479
 compilation: enabled

Compilation events (10 events):
Event: 12.872 Thread 0x000000002833e800 1332       3       sun.java2d.d3d.D3DSurfaceData::validatePipe (385 bytes)
Event: 12.876 Thread 0x000000002833e800 nmethod 1332 0x000000000a67cc10 code [0x000000000a67cf00, 0x000000000a67e308]
Event: 12.876 Thread 0x000000002833e800 1333       3       sun.java2d.pipe.BufferedContext::validate (575 bytes)
Event: 12.886 Thread 0x000000002833e800 nmethod 1333 0x000000000a67e610 code [0x000000000a67ebc0, 0x000000000a682ab8]
Event: 12.905 Thread 0x000000002833e800 1334       3       sun.awt.Win32GraphicsConfig::getDefaultTransform (24 bytes)
Event: 12.906 Thread 0x000000002833e800 nmethod 1334 0x000000000a683d90 code [0x000000000a683f60, 0x000000000a6843e8]
Event: 12.906 Thread 0x000000002833e800 1335       3       sun.java2d.SunGraphics2D::setDevClip (45 bytes)
Event: 12.908 Thread 0x000000002833e800 nmethod 1335 0x000000000a684590 code [0x000000000a6847c0, 0x000000000a6850b8]
Event: 12.908 Thread 0x000000002833e800 1336       3       sun.java2d.pipe.Region::getInstanceXYWH (16 bytes)
Event: 12.909 Thread 0x000000002833e800 nmethod 1336 0x000000000a685410 code [0x000000000a685600, 0x000000000a685a90]

GC Heap History (0 events):
No events

Deoptimization events (5 events):
Event: 0.078 Thread 0x000000000039f000 Uncommon trap: reason=unstable_if action=reinterpret pc=0x0000000011974e6c method=java.lang.String.hashCode()I @ 14 c2
Event: 0.171 Thread 0x000000000039f000 Uncommon trap: reason=range_check action=reinterpret pc=0x000000001198234c method=java.lang.StringLatin1.indexOf([BII)I @ 13 c2
Event: 0.360 Thread 0x000000000039f000 Uncommon trap: reason=unstable_if action=reinterpret pc=0x000000001198574c method=java.lang.String.isLatin1()Z @ 10 c2
Event: 0.364 Thread 0x000000000039f000 Uncommon trap: reason=unstable_if action=reinterpret pc=0x000000001197a878 method=java.lang.String.isLatin1()Z @ 10 c2
Event: 0.458 Thread 0x000000000039f000 Uncommon trap: reason=unstable_if action=reinterpret pc=0x0000000011988520 method=java.lang.StringLatin1.replace([BCC)Ljava/lang/String; @ 19 c2

Classes redefined (0 events):
No events

Internal exceptions (10 events):
Event: 0.401 Thread 0x000000000039f000 Exception <a 'java/lang/ClassNotFoundException'{0x00000006d102b8e0}: com/sun/swing/internal/plaf/metal/resources/spi/metalProvider> (0x00000006d102b8e0) thrown at [t:/workspace/open/src/hotspot/share/classfile/systemDictionary.cpp, line 233]
Event: 0.402 Thread 0x000000000039f000 Exception <a 'java/lang/ClassNotFoundException'{0x00000006d10307a8}: com/sun/swing/internal/plaf/basic/resources/spi/basicProvider> (0x00000006d10307a8) thrown at [t:/workspace/open/src/hotspot/share/classfile/systemDictionary.cpp, line 233]
Event: 0.426 Thread 0x000000000039f000 Exception <a 'java/lang/NoSuchMethodError'{0x00000006d109d098}: java.lang.invoke.DirectMethodHandle$Holder.invokeStaticInit(Ljava/lang/Object;)V> (0x00000006d109d098) thrown at [t:/workspace/open/src/hotspot/share/interpreter/linkResolver.cpp, line 741]
Event: 0.433 Thread 0x000000000039f000 Exception <a 'java/io/FileNotFoundException'{0x00000006d10b2ec0}> (0x00000006d10b2ec0) thrown at [t:/workspace/open/src/hotspot/share/prims/jni.cpp, line 611]
Event: 0.433 Thread 0x000000000039f000 Exception <a 'java/lang/NullPointerException'{0x00000006d10b37a8}> (0x00000006d10b37a8) thrown at [t:/workspace/open/src/hotspot/share/interpreter/linkResolver.cpp, line 1324]
Event: 0.463 Thread 0x000000000039f000 Exception <a 'java/lang/NoSuchMethodError'{0x00000006d0e92950}: java.lang.invoke.DirectMethodHandle$Holder.invokeStatic(Ljava/lang/Object;Ljava/lang/Object;Ljava/lang/Object;Ljava/lang/Object;Ljava/lang/Object;Ljava/lang/Object;Ljava/lang/Object;Ljava/lan
Event: 0.465 Thread 0x000000000039f000 Exception <a 'java/lang/NoSuchMethodError'{0x00000006d0eb3040}: java.lang.invoke.DirectMethodHandle$Holder.invokeStatic(Ljava/lang/Object;Ljava/lang/Object;Ljava/lang/Object;Ljava/lang/Object;Ljava/lang/Object;Ljava/lang/Object;Ljava/lang/Object;Ljava/lan
Event: 0.466 Thread 0x000000000039f000 Exception <a 'java/lang/NoSuchMethodError'{0x00000006d0ed4778}: java.lang.invoke.DirectMethodHandle$Holder.invokeStatic(Ljava/lang/Object;Ljava/lang/Object;Ljava/lang/Object;Ljava/lang/Object;Ljava/lang/Object;Ljava/lang/Object;Ljava/lang/Object;Ljava/lan
Event: 0.494 Thread 0x000000002ce5b000 Exception <a 'java/lang/NoSuchMethodError'{0x00000006d0d49510}: java.lang.invoke.DirectMethodHandle$Holder.invokeStatic(Ljava/lang/Object;Ljava/lang/Object;Ljava/lang/Object;Ljava/lang/Object;Ljava/lang/Object;Ljava/lang/Object;Ljava/lang/Object;Ljava/lan
Event: 0.523 Thread 0x000000002ce5b000 Exception <a 'java/lang/IllegalArgumentException'{0x00000006d0c39c90}: timeout value is negative> (0x00000006d0c39c90) thrown at [t:/workspace/open/src/hotspot/share/prims/jvm.cpp, line 3030]

Events (10 events):
Event: 1.481 loading class jdk/internal/math/FDBigInteger
Event: 1.481 loading class jdk/internal/math/FDBigInteger done
Event: 12.908 Executing VM operation: RevokeBias
Event: 12.908 Executing VM operation: RevokeBias done
Event: 12.909 Thread 0x000000002c8e1800 Thread added: 0x000000002c8e1800
Event: 12.910 Thread 0x000000002c8e2800 Thread added: 0x000000002c8e2800
Event: 12.910 Thread 0x000000002c8e1800 Thread exited: 0x000000002c8e1800
Event: 12.910 Executing VM operation: RevokeBias
Event: 12.910 Executing VM operation: RevokeBias done
Event: 12.910 Thread 0x000000002c8e1000 Thread exited: 0x000000002c8e1000


Dynamic libraries:
0x000000013fe60000 - 0x000000013fe9e000 	D:\Program Files\Java\jre-10.0.2\bin\javaw.exe
0x0000000077840000 - 0x00000000779df000 	C:\Windows\SYSTEM32\ntdll.dll
0x0000000077620000 - 0x000000007773f000 	C:\Windows\system32\kernel32.dll
0x000007fefd4f0000 - 0x000007fefd55a000 	C:\Windows\system32\KERNELBASE.dll
0x000007fefeeb0000 - 0x000007fefef8b000 	C:\Windows\system32\ADVAPI32.dll
0x000007fefed20000 - 0x000007fefedbf000 	C:\Windows\system32\msvcrt.dll
0x000007feff2a0000 - 0x000007feff2bf000 	C:\Windows\SYSTEM32\sechost.dll
0x000007fefef90000 - 0x000007feff0bd000 	C:\Windows\system32\RPCRT4.dll
0x0000000077740000 - 0x000000007783a000 	C:\Windows\system32\USER32.dll
0x000007fefee30000 - 0x000007fefee97000 	C:\Windows\system32\GDI32.dll
0x000007fefeea0000 - 0x000007fefeeae000 	C:\Windows\system32\LPK.dll
0x000007fefea50000 - 0x000007fefeb1b000 	C:\Windows\system32\USP10.dll
0x000007fefb710000 - 0x000007fefb904000 	C:\Windows\WinSxS\amd64_microsoft.windows.common-controls_6595b64144ccf1df_6.0.7601.18837_none_fa3b1e3d17594757\COMCTL32.dll
0x000007fefe630000 - 0x000007fefe6a1000 	C:\Windows\system32\SHLWAPI.dll
0x000007fefc640000 - 0x000007fefc64c000 	C:\Windows\system32\VERSION.dll
0x000007fefea20000 - 0x000007fefea4e000 	C:\Windows\system32\IMM32.DLL
0x000007fefe910000 - 0x000007fefea19000 	C:\Windows\system32\MSCTF.dll
0x000007fee8030000 - 0x000007fee811f000 	D:\Program Files\Java\jre-10.0.2\bin\msvcr120.dll
0x000007fee7750000 - 0x000007fee77f6000 	D:\Program Files\Java\jre-10.0.2\bin\msvcp120.dll
0x000000006d470000 - 0x000000006dee0000 	D:\Program Files\Java\jre-10.0.2\bin\server\jvm.dll
0x000007fee96c0000 - 0x000007fee96c9000 	C:\Windows\system32\WSOCK32.dll
0x000007fefe8c0000 - 0x000007fefe90d000 	C:\Windows\system32\WS2_32.dll
0x000007fefee20000 - 0x000007fefee28000 	C:\Windows\system32\NSI.dll
0x000007fef9a90000 - 0x000007fef9acb000 	C:\Windows\system32\WINMM.dll
0x00000000779e0000 - 0x00000000779e7000 	C:\Windows\system32\PSAPI.DLL
0x000007fef66c0000 - 0x000007fef66cf000 	D:\Program Files\Java\jre-10.0.2\bin\verify.dll
0x000007fef3000000 - 0x000007fef3125000 	C:\Windows\system32\DBGHELP.DLL
0x000007fee8390000 - 0x000007fee83b7000 	D:\Program Files\Java\jre-10.0.2\bin\java.dll
0x000007feea4f0000 - 0x000007feea506000 	D:\Program Files\Java\jre-10.0.2\bin\zip.dll
0x000007fef6630000 - 0x000007fef663a000 	D:\Program Files\Java\jre-10.0.2\bin\jimage.dll
0x000007fefd880000 - 0x000007fefe60a000 	C:\Windows\system32\SHELL32.dll
0x000007fefeb20000 - 0x000007fefed1d000 	C:\Windows\system32\ole32.dll
0x000007fefd3e0000 - 0x000007fefd3ef000 	C:\Windows\system32\profapi.dll
0x000007fee7040000 - 0x000007fee71db000 	D:\Program Files\Java\jre-10.0.2\bin\awt.dll
0x000007fefd7a0000 - 0x000007fefd87a000 	C:\Windows\system32\OLEAUT32.dll
0x000007fee3780000 - 0x000007fee3b44000 	C:\Windows\system32\d2d1.dll
0x000007fefba20000 - 0x000007fefba38000 	C:\Windows\system32\DWMAPI.DLL
0x000007feefba0000 - 0x000007feefcbd000 	C:\Windows\system32\opengl32.dll
0x000007fef0e00000 - 0x000007fef0e2d000 	C:\Windows\system32\GLU32.dll
0x000007feefaa0000 - 0x000007feefb91000 	C:\Windows\system32\DDRAW.dll
0x000007fef1d10000 - 0x000007fef1d18000 	C:\Windows\system32\DCIMAN32.dll
0x000007feff0c0000 - 0x000007feff297000 	C:\Windows\system32\SETUPAPI.dll
0x000007fefd480000 - 0x000007fefd4b6000 	C:\Windows\system32\CFGMGR32.dll
0x000007fefd460000 - 0x000007fefd47a000 	C:\Windows\system32\DEVOBJ.dll
0x000007fefbf50000 - 0x000007fefbfa6000 	C:\Windows\system32\uxtheme.dll
0x000007fefd280000 - 0x000007fefd28f000 	C:\Windows\system32\CRYPTBASE.dll
0x000007fefc630000 - 0x000007fefc633000 	C:\Windows\system32\api-ms-win-core-synch-l1-2-0.DLL
0x000007fee8120000 - 0x000007fee81e3000 	C:\Program Files (x86)\NVIDIA Corporation\3D Vision\nvSCPAPI64.dll
0x000007fee52d0000 - 0x000007fee5559000 	C:\Windows\system32\nvspcap64.dll
0x000007fefc600000 - 0x000007fefc62d000 	C:\Windows\system32\ntmarta.dll
0x000007fefedc0000 - 0x000007fefee12000 	C:\Windows\system32\WLDAP32.dll
0x000007fefd610000 - 0x000007fefd77d000 	C:\Windows\system32\crypt32.dll
0x000007fefd3f0000 - 0x000007fefd3ff000 	C:\Windows\system32\MSASN1.dll
0x000007fefd420000 - 0x000007fefd45b000 	C:\Windows\system32\WINTRUST.DLL
0x000007fefe610000 - 0x000007fefe629000 	C:\Windows\system32\imagehlp.dll
0x000007fefcc10000 - 0x000007fefcc28000 	C:\Windows\system32\CRYPTSP.dll
0x000007fefc910000 - 0x000007fefc957000 	C:\Windows\system32\rsaenh.dll
0x000007fefcd90000 - 0x000007fefcde0000 	C:\Windows\system32\ncrypt.dll
0x000007fefcd60000 - 0x000007fefcd82000 	C:\Windows\system32\bcrypt.dll
0x000007fefc850000 - 0x000007fefc89c000 	C:\Windows\system32\bcryptprimitives.dll
0x000007fefd4c0000 - 0x000007fefd4de000 	C:\Windows\system32\USERENV.dll
0x000007fefc690000 - 0x000007fefc6ab000 	C:\Windows\system32\GPAPI.dll
0x000007fef9810000 - 0x000007fef9837000 	C:\Windows\system32\cryptnet.dll
0x000007fef0800000 - 0x000007fef0865000 	D:\Program Files\Java\jre-10.0.2\bin\fontmanager.dll
0x000007fef0e30000 - 0x000007fef0e68000 	C:\Windows\system32\IMGSF50Filter_x64.dll
0x00000000721f0000 - 0x00000000722c3000 	C:\Windows\WinSxS\amd64_microsoft.vc90.crt_1fc8b3b9a1e18e3b_9.0.30729.4940_none_08e4299fa83d7e3c\MSVCP90.dll
0x0000000072110000 - 0x00000000721ad000 	C:\Windows\WinSxS\amd64_microsoft.vc90.crt_1fc8b3b9a1e18e3b_9.0.30729.4940_none_08e4299fa83d7e3c\MSVCR90.dll
0x000007feff2c0000 - 0x000007feff359000 	C:\Windows\system32\CLBCatQ.DLL
0x000007fee8e60000 - 0x000007fee8e7a000 	D:\Program Files\Java\jre-10.0.2\bin\net.dll
0x000007fef7700000 - 0x000007fef7771000 	C:\Windows\system32\WINHTTP.dll
0x000007fef7690000 - 0x000007fef76f5000 	C:\Windows\system32\webio.dll
0x000007fefcbb0000 - 0x000007fefcc05000 	C:\Windows\system32\mswsock.dll
0x000007fefcba0000 - 0x000007fefcba7000 	C:\Windows\System32\wship6.dll
0x000007fef6f70000 - 0x000007fef6f98000 	C:\Windows\system32\ime\imekr8\imkrapi.dll
0x000007fef6f40000 - 0x000007fef6f6d000 	C:\Windows\system32\ime\shared\imjkapi.dll
0x000007fee8370000 - 0x000007fee8381000 	D:\Program Files\Java\jre-10.0.2\bin\nio.dll
0x000007fee9570000 - 0x000007fee95b2000 	D:\Program Files\Java\jre-10.0.2\bin\t2k.dll

dbghelp: loaded successfully - version: 4.0.5 - missing functions: none
symbol engine: initialized successfully - sym options: 0x614 - pdb path: .;D:\Program Files\Java\jre-10.0.2\bin;C:\Windows\SYSTEM32;C:\Windows\WinSxS\amd64_microsoft.windows.common-controls_6595b64144ccf1df_6.0.7601.18837_none_fa3b1e3d17594757;D:\Program Files\Java\jre-10.0.2\bin\server;C:\Program Files (x86)\NVIDIA Corporation\3D Vision;C:\Windows\WinSxS\amd64_microsoft.vc90.crt_1fc8b3b9a1e18e3b_9.0.30729.4940_none_08e4299fa83d7e3c;C:\Windows\system32\ime\imekr8;C:\Windows\system32\ime\shared

VM Arguments:
jvm_args: -Dfile.encoding=MS949 
java_command: kr.or.hyun.Game
java_class_path (initial): D:\Users\Baek\Git Folder\ShootingGmae-Java-\ShootingGame\bin
Launcher Type: SUN_STANDARD

Logging:
Log output configuration:
#0: stdout all=warning uptime,level,tags
#1: stderr all=off uptime,level,tags

Environment Variables:
JAVA_HOME=D:\Program Files\Java\jdk-10.0.2
CLASSPATH=.;D:\Program Files\Java\jdk-10.0.2lib\tools.jar
PATH=C:\Program Files (x86)\Common Files\Oracle\Java\javapath;C:\Windows\system32;C:\Windows;C:\Windows\System32\Wbem;C:\Windows\System32\WindowsPowerShell\v1.0\;C:\Program Files (x86)\NVIDIA Corporation\PhysX\Common;D:\Program Files\Java\jdk-10.0.2\bin;C:\Program Files\MySQL\MySQL Server 8.0\bin;D:\Program Files\Git\cmd;D:\Program Files\nodejs\;;D:\apps\Microsoft VS Code\bin;C:\Users\Baek\AppData\Roaming\npm
USERNAME=Baek
OS=Windows_NT
PROCESSOR_IDENTIFIER=Intel64 Family 6 Model 60 Stepping 3, GenuineIntel



---------------  S Y S T E M  ---------------

OS: Windows 7 , 64 bit Build 7601 (6.1.7601.24260)

CPU:total 8 (initial active 8) (4 cores per cpu, 2 threads per core) family 6 model 60 stepping 3, cmov, cx8, fxsr, mmx, sse, sse2, sse3, ssse3, sse4.1, sse4.2, popcnt, avx, avx2, aes, clmul, erms, rtm, lzcnt, ht, tsc, tscinvbit, bmi1, bmi2, fma

Memory: 4k page, physical 16674532k(11625868k free), swap 33347164k(27147008k free)

vm_info: Java HotSpot(TM) 64-Bit Server VM (10.0.2+13) for windows-amd64 JRE (10.0.2+13), built on Jun 28 2018 01:57:56 by "mach5one" with MS VC++ 12.0 (VS2013)

END.
